[debug] [2022-05-19T23:47:34.145Z] ----------------------------------------------------------------------
[debug] [2022-05-19T23:47:34.151Z] Command:       C:\Program Files\nodejs\node.exe C:\Users\acer\AppData\Roaming\npm\node_modules\firebase-tools\lib\bin\firebase.js init
[debug] [2022-05-19T23:47:34.154Z] CLI Version:   11.0.0
[debug] [2022-05-19T23:47:34.154Z] Platform:      win32
[debug] [2022-05-19T23:47:34.155Z] Node Version:  v16.14.2
[debug] [2022-05-19T23:47:34.158Z] Time:          Fri May 20 2022 00:47:34 GMT+0100 (UTC+01:00)
[debug] [2022-05-19T23:47:34.158Z] ----------------------------------------------------------------------
[debug] 
[debug] [2022-05-19T23:47:34.175Z] > command requires scopes: ["email","openid","https://www.googleapis.com/auth/cloudplatformprojects.readonly","https://www.googleapis.com/auth/firebase","https://www.googleapis.com/auth/cloud-platform"]
[debug] [2022-05-19T23:47:34.176Z] > authorizing via signed-in user (zinedinetadjer1@gmail.com)
[info] 
     ######## #### ########  ######## ########     ###     ######  ########
     ##        ##  ##     ## ##       ##     ##  ##   ##  ##       ##
     ######    ##  ########  ######   ########  #########  ######  ######
     ##        ##  ##    ##  ##       ##     ## ##     ##       ## ##
     ##       #### ##     ## ######## ########  ##     ##  ######  ########

You're about to initialize a Firebase project in this directory:

  D:\projets react\netflix-clone\zwinflix

[info] 
=== Project Setup
[info] 
[info] First, let's associate this project directory with a Firebase project.
[info] You can create multiple project aliases by running firebase use --add, 
[info] but for now we'll just set up a default project.
[info] 
[debug] [2022-05-19T23:47:52.397Z] >>> [apiv2][query] GET https://firebase.googleapis.com/v1beta1/projects pageSize=100
[debug] [2022-05-19T23:47:53.121Z] <<< [apiv2][status] GET https://firebase.googleapis.com/v1beta1/projects 200
[debug] [2022-05-19T23:47:53.122Z] <<< [apiv2][body] GET https://firebase.googleapis.com/v1beta1/projects [omitted]
[info] i  Using project zwinflix (zwinflix) 
[info] 
=== Hosting Setup
[info] 
[info] Your public directory is the folder (relative to your project directory) that
[info] will contain Hosting assets to be uploaded with firebase deploy. If you
[info] have a build process for your assets, use your build's output directory.
[info] 
[debug] [2022-05-19T23:48:12.142Z] >>> [apiv2][query] GET https://www.gstatic.com/firebasejs/releases.json [none]
[debug] [2022-05-19T23:48:12.445Z] <<< [apiv2][status] GET https://www.gstatic.com/firebasejs/releases.json 200
[debug] [2022-05-19T23:48:12.446Z] <<< [apiv2][body] GET https://www.gstatic.com/firebasejs/releases.json {"current":{"version":"9.8.1","browserURL":"https://www.gstatic.com/firebasejs/9.8.1/firebase.js","packageURL":"https://www.gstatic.com/firebasejs/9.8.1/firebase.tgz"},"live":{"version":"9.8","browserURL":"https://www.gstatic.com/firebasejs/live/9.8/firebase.js","packageURL":"https://www.gstatic.com/firebasejs/live/9.8/firebase.tgz"},"components":{"analytics":"https://www.gstatic.com/firebasejs/9.8.1/firebase-analytics.js","app":"https://www.gstatic.com/firebasejs/9.8.1/firebase-app.js","app-check":"https://www.gstatic.com/firebasejs/9.8.1/firebase-app-check.js","auth":"https://www.gstatic.com/firebasejs/9.8.1/firebase-auth.js","auth/cordova":"https://www.gstatic.com/firebasejs/9.8.1/firebase-auth/cordova.js","auth/react-native":"https://www.gstatic.com/firebasejs/9.8.1/firebase-auth/react-native.js","functions":"https://www.gstatic.com/firebasejs/9.8.1/firebase-functions.js","firestore":"https://www.gstatic.com/firebasejs/9.8.1/firebase-firestore.js","firestore/lite":"https://www.gstatic.com/firebasejs/9.8.1/firebase-firestore/lite.js","storage":"https://www.gstatic.com/firebasejs/9.8.1/firebase-storage.js","performance":"https://www.gstatic.com/firebasejs/9.8.1/firebase-performance.js","remote-config":"https://www.gstatic.com/firebasejs/9.8.1/firebase-remote-config.js","messaging":"https://www.gstatic.com/firebasejs/9.8.1/firebase-messaging.js","messaging/sw":"https://www.gstatic.com/firebasejs/9.8.1/firebase-messaging/sw.js","database":"https://www.gstatic.com/firebasejs/9.8.1/firebase-database.js","firestore.memory":"https://www.gstatic.com/firebasejs/9.8.1/firebase-firestore.memory.js"}}
[info] i  Skipping write of build/index.html 
[info] 
[info] i  Detected a .git folder at D:\projets react\netflix-clone 
[info] i  Authorizing with GitHub to upload your service account to a GitHub repository's secrets store. 
[info] 
[info] Visit this URL on this device to log in:
[info] https://github.com/login/oauth/authorize?client_id=89cf50f02ac6aaed3484&state=715315177&redirect_uri=http%3A%2F%2Flocalhost%3A9005&scope=read%3Auser%20repo%20public_repo
[info] 
[info] Waiting for authentication...
[debug] [2022-05-19T23:49:13.344Z] >>> HTTP REQUEST POST https://github.com/login/oauth/access_token  
 {"client_id":"89cf50f02ac6aaed3484","client_secret":"3330d14abc895d9a74d5f17cd7a00711fa2c5bf0","code":"208de21cb547c69a45e8","redirect_uri":"http://localhost:9005","state":"715315177"}
[debug] [2022-05-19T23:49:13.844Z] <<< HTTP RESPONSE 200 {"server":"GitHub.com","date":"Thu, 19 May 2022 23:49:12 GMT","content-type":"application/json; charset=utf-8","transfer-encoding":"chunked","vary":"X-PJAX, X-PJAX-Container, Turbo-Visit, Turbo-Frame, Accept-Encoding, Accept, X-Requested-With","permissions-policy":"interest-cohort=()","etag":"W/\"7f597335cd107443cfafe8b04fa2c51f\"","cache-control":"max-age=0, private, must-revalidate","strict-transport-security":"max-age=31536000; includeSubdomains; preload","x-frame-options":"deny","x-content-type-options":"nosniff","x-xss-protection":"0","referrer-policy":"origin-when-cross-origin, strict-origin-when-cross-origin","expect-ct":"max-age=2592000, report-uri=\"https://api.github.com/_private/browser/errors\"","content-security-policy":"default-src 'none'; base-uri 'self'; block-all-mixed-content; child-src github.com/assets-cdn/worker/ gist.github.com/assets-cdn/worker/; connect-src 'self' uploads.github.com objects-origin.githubusercontent.com www.githubstatus.com collector.github.com raw.githubusercontent.com api.github.com github-cloud.s3.amazonaws.com github-production-repository-file-5c1aeb.s3.amazonaws.com github-production-upload-manifest-file-7fdce7.s3.amazonaws.com github-production-user-asset-6210df.s3.amazonaws.com cdn.optimizely.com logx.optimizely.com/v1/events translator.github.com *.actions.githubusercontent.com wss://*.actions.githubusercontent.com online.visualstudio.com/api/v1/locations github-production-repository-image-32fea6.s3.amazonaws.com github-production-release-asset-2e65be.s3.amazonaws.com insights.github.com wss://alive.github.com; font-src github.githubassets.com; form-action 'self' github.com gist.github.com objects-origin.githubusercontent.com; frame-ancestors 'none'; frame-src render.githubusercontent.com viewscreen.githubusercontent.com notebooks.githubusercontent.com; img-src 'self' data: github.githubassets.com identicons.github.com github-cloud.s3.amazonaws.com secured-user-images.githubusercontent.com/ *.githubusercontent.com; manifest-src 'self'; media-src github.com user-images.githubusercontent.com/; script-src github.githubassets.com; style-src 'unsafe-inline' github.githubassets.com; worker-src github.com/assets-cdn/worker/ gist.github.com/assets-cdn/worker/","x-github-request-id":"6D2F:7870:247BAB:266F2E:6286D778"}
[debug] [2022-05-19T23:49:13.867Z] >>> [apiv2][query] GET https://api.github.com/user [none]
[debug] [2022-05-19T23:49:14.326Z] <<< [apiv2][status] GET https://api.github.com/user 200
[debug] [2022-05-19T23:49:14.326Z] <<< [apiv2][body] GET https://api.github.com/user {"login":"zineddinetadjer","id":98086283,"node_id":"U_kgDOBditiw","avatar_url":"https://avatars.githubusercontent.com/u/98086283?v=4","gravatar_id":"","url":"https://api.github.com/users/zineddinetadjer","html_url":"https://github.com/zineddinetadjer","followers_url":"https://api.github.com/users/zineddinetadjer/followers","following_url":"https://api.github.com/users/zineddinetadjer/following{/other_user}","gists_url":"https://api.github.com/users/zineddinetadjer/gists{/gist_id}","starred_url":"https://api.github.com/users/zineddinetadjer/starred{/owner}{/repo}","subscriptions_url":"https://api.github.com/users/zineddinetadjer/subscriptions","organizations_url":"https://api.github.com/users/zineddinetadjer/orgs","repos_url":"https://api.github.com/users/zineddinetadjer/repos","events_url":"https://api.github.com/users/zineddinetadjer/events{/privacy}","received_events_url":"https://api.github.com/users/zineddinetadjer/received_events","type":"User","site_admin":false,"name":"Tadjer","company":null,"blog":"","location":null,"email":null,"hireable":null,"bio":null,"twitter_username":null,"public_repos":11,"public_gists":0,"followers":2,"following":4,"created_at":"2022-01-20T09:08:21Z","updated_at":"2022-05-19T10:40:53Z","private_gists":0,"total_private_repos":6,"owned_private_repos":6,"disk_usage":8638,"collaborators":0,"two_factor_authentication":false,"plan":{"name":"free","space":976562499,"collaborators":0,"private_repos":10000}}
[info] 
[info] +  Success! Logged into GitHub as zineddinetadjer 
[info] 
[debug] [2022-05-19T23:50:36.369Z] >>> [apiv2][query] GET https://api.github.com/repos/zineddinetadjer/netflix-clone/actions/secrets/public-key type=owner
[debug] [2022-05-19T23:50:36.826Z] <<< [apiv2][status] GET https://api.github.com/repos/zineddinetadjer/netflix-clone/actions/secrets/public-key 404
[debug] [2022-05-19T23:50:36.827Z] <<< [apiv2][body] GET https://api.github.com/repos/zineddinetadjer/netflix-clone/actions/secrets/public-key {"message":"Not Found","documentation_url":"https://docs.github.com/rest/reference/actions#get-a-repository-public-key"}
[debug] [2022-05-19T23:50:45.968Z] >>> [apiv2][query] GET https://api.github.com/repos/zineddinetadjer/netflix-clone/actions/secrets/public-key type=owner
[debug] [2022-05-19T23:50:46.642Z] <<< [apiv2][status] GET https://api.github.com/repos/zineddinetadjer/netflix-clone/actions/secrets/public-key 404
[debug] [2022-05-19T23:50:46.642Z] <<< [apiv2][body] GET https://api.github.com/repos/zineddinetadjer/netflix-clone/actions/secrets/public-key {"message":"Not Found","documentation_url":"https://docs.github.com/rest/reference/actions#get-a-repository-public-key"}
[debug] [2022-05-19T23:50:48.319Z] >>> [apiv2][query] GET https://api.github.com/repos/zineddinetadjer/netflix-clone/actions/secrets/public-key type=owner
[debug] [2022-05-19T23:50:48.804Z] <<< [apiv2][status] GET https://api.github.com/repos/zineddinetadjer/netflix-clone/actions/secrets/public-key 404
[debug] [2022-05-19T23:50:48.805Z] <<< [apiv2][body] GET https://api.github.com/repos/zineddinetadjer/netflix-clone/actions/secrets/public-key {"message":"Not Found","documentation_url":"https://docs.github.com/rest/reference/actions#get-a-repository-public-key"}
